

===========================<<<< 2025-10-20 18:25:28 PM >>>>=======================

* Heading: 66_migrate_option_types 
* Current Page: https://tendasbrasil.com.br/wp-cron.php?doing_wp_cron=1760995527.6223990917205810546875 

===========================<<<< TRACE MESSAGE START >>>>=========================

Starting the migration

===========================<<<< TRACE MESSAGE END >>>>==========================




===========================<<<< 2025-10-20 18:25:28 PM >>>>=======================

* Heading: 66_migrate_option_types 
* Current Page: https://tendasbrasil.com.br/wp-cron.php?doing_wp_cron=1760995527.6223990917205810546875 

===========================<<<< TRACE MESSAGE START >>>>=========================

Migration completed

===========================<<<< TRACE MESSAGE END >>>>==========================




===========================<<<< 2025-10-20 18:25:28 PM >>>>=======================

* Heading: automator_options_migration_v1 
* Current Page: https://tendasbrasil.com.br/wp-cron.php?doing_wp_cron=1760995527.6223990917205810546875 

===========================<<<< TRACE MESSAGE START >>>>=========================

Starting the migration

===========================<<<< TRACE MESSAGE END >>>>==========================




===========================<<<< 2025-10-20 18:25:28 PM >>>>=======================

* Heading: automator_options_migration_v1 
* Current Page: https://tendasbrasil.com.br/wp-cron.php?doing_wp_cron=1760995527.6223990917205810546875 

===========================<<<< TRACE MESSAGE START >>>>=========================

Migration completed

===========================<<<< TRACE MESSAGE END >>>>==========================




===========================<<<< 2025-10-20 18:25:28 PM >>>>=======================

* Heading: automator_options_migration_v1 
* Current Page: https://tendasbrasil.com.br/wp-cron.php?doing_wp_cron=1760995527.6223990917205810546875 

===========================<<<< TRACE MESSAGE START >>>>=========================

Options Migration V1 results: {"migrated":0,"skipped":23,"errors":[]}

===========================<<<< TRACE MESSAGE END >>>>==========================




===========================<<<< 2025-10-20 18:25:28 PM >>>>=======================

* Heading: automator_options_migration_v1 
* Current Page: https://tendasbrasil.com.br/wp-admin/admin-ajax.php 

===========================<<<< TRACE MESSAGE START >>>>=========================

Starting the migration

===========================<<<< TRACE MESSAGE END >>>>==========================




===========================<<<< 2025-10-20 18:25:28 PM >>>>=======================

* Heading: automator_options_migration_v1 
* Current Page: https://tendasbrasil.com.br/wp-admin/admin-ajax.php 

===========================<<<< TRACE MESSAGE START >>>>=========================

Migration completed

===========================<<<< TRACE MESSAGE END >>>>==========================




===========================<<<< 2025-10-20 18:25:28 PM >>>>=======================

* Heading: automator_options_migration_v1 
* Current Page: https://tendasbrasil.com.br/wp-admin/admin-ajax.php 

===========================<<<< TRACE MESSAGE START >>>>=========================

Options Migration V1 results: {"migrated":0,"skipped":23,"errors":[]}

===========================<<<< TRACE MESSAGE END >>>>==========================


